<?xml version="1.0" encoding="UTF-8"?>
<testng-results ignored="0" total="1" passed="1" failed="0" skipped="0">
  <reporter-output>
  </reporter-output>
  <suite started-at="2026-05-08T08:37:46 IST" name="Default suite" finished-at="2026-05-08T08:37:49 IST" duration-ms="2261">
    <groups>
    </groups>
    <test started-at="2026-05-08T08:37:46 IST" name="Default test" finished-at="2026-05-08T08:37:49 IST" duration-ms="2261">
      <class name="api.tests.GetUsersTest">
        <test-method signature="getUsersTest()[pri:0, instance:api.tests.GetUsersTest@3023df74]" started-at="2026-05-08T08:37:46 IST" name="getUsersTest" finished-at="2026-05-08T08:37:49 IST" duration-ms="2220" status="PASS">
          <reporter-output>
          </reporter-output>
        </test-method> <!-- getUsersTest -->
      </class> <!-- api.tests.GetUsersTest -->
    </test> <!-- Default test -->
  </suite> <!-- Default suite -->
</testng-results>
